This is pdfTeX, Version 3.141592653-2.6-1.40.25 (TeX Live 2023/Debian) (preloaded format=pdflatex 2025.4.11)  29 APR 2025 16:35
entering extended mode
 restricted \write18 enabled.
 %&-line parsing enabled.
**main.tex
(./main.tex
LaTeX2e <2023-11-01> patch level 1
L3 programming layer <2024-01-22>
(/usr/share/texlive/texmf-dist/tex/latex/koma-script/scrartcl.cls
Document Class: scrartcl 2023/07/07 v3.41 KOMA-Script document class (article)
(/usr/share/texlive/texmf-dist/tex/latex/koma-script/scrkbase.sty
Package: scrkbase 2023/07/07 v3.41 KOMA-Script package (KOMA-Script-dependent b
asics and keyval usage)

(/usr/share/texlive/texmf-dist/tex/latex/koma-script/scrbase.sty
Package: scrbase 2023/07/07 v3.41 KOMA-Script package (KOMA-Script-independent 
basics and keyval usage)

(/usr/share/texlive/texmf-dist/tex/latex/koma-script/scrlfile.sty
Package: scrlfile 2023/07/07 v3.41 KOMA-Script package (file load hooks)

(/usr/share/texlive/texmf-dist/tex/latex/koma-script/scrlfile-hook.sty
Package: scrlfile-hook 2023/07/07 v3.41 KOMA-Script package (using LaTeX hooks)


(/usr/share/texlive/texmf-dist/tex/latex/koma-script/scrlogo.sty
Package: scrlogo 2023/07/07 v3.41 KOMA-Script package (logo)
)))
(/usr/share/texlive/texmf-dist/tex/latex/graphics/keyval.sty
Package: keyval 2022/05/29 v1.15 key=value parser (DPC)
\KV@toks@=\toks17
)
Applying: [2021/05/01] Usage of raw or classic option list on input line 252.
Already applied: [0000/00/00] Usage of raw or classic option list on input line
 368.
))
(/usr/share/texlive/texmf-dist/tex/latex/koma-script/tocbasic.sty
Package: tocbasic 2023/07/07 v3.41 KOMA-Script package (handling toc-files)
\scr@dte@tocline@numberwidth=\skip48
\scr@dte@tocline@numbox=\box51
)
Package tocbasic Info: omitting babel extension for `toc'
(tocbasic)             because of feature `nobabel' available
(tocbasic)             for `toc' on input line 133.
Class scrartcl Info: File `scrsize11pt.clo' used to setup font sizes on input l
ine 2441.

(/usr/share/texlive/texmf-dist/tex/latex/koma-script/scrsize11pt.clo
File: scrsize11pt.clo 2023/07/07 v3.41 KOMA-Script font size class option (11pt
)
)
(/usr/share/texlive/texmf-dist/tex/latex/koma-script/typearea.sty
Package: typearea 2023/07/07 v3.41 KOMA-Script package (type area)
\ta@bcor=\skip49
\ta@div=\count187
\ta@hblk=\skip50
\ta@vblk=\skip51
\ta@temp=\skip52
\footheight=\skip53
Package typearea Info: These are the values describing the layout:
(typearea)             DIV  = 10
(typearea)             BCOR = 0.0pt
(typearea)             \paperwidth      = 597.50793pt
(typearea)              \textwidth      = 418.25555pt
(typearea)              DIV departure   = -6%
(typearea)              \evensidemargin = 17.3562pt
(typearea)              \oddsidemargin  = 17.3562pt
(typearea)             \paperheight     = 845.04694pt
(typearea)              \textheight     = 595.80026pt
(typearea)              \topmargin      = -25.16531pt
(typearea)              \headheight     = 17.0pt
(typearea)              \headsep        = 20.40001pt
(typearea)              \topskip        = 11.0pt
(typearea)              \footskip       = 47.6pt
(typearea)              \baselineskip   = 13.6pt
(typearea)              on input line 1799.
)
\c@part=\count188
\c@section=\count189
\c@subsection=\count190
\c@subsubsection=\count191
\c@paragraph=\count192
\c@subparagraph=\count193
\scr@dte@section@maxnumwidth=\skip54
Class scrartcl Info: using compatibility default `runin=bysign'
(scrartcl)           for `\section on input line 5082.
Class scrartcl Info: using compatibility default `afterindent=bysign'
(scrartcl)           for `\section on input line 5082.
\scr@dte@part@maxnumwidth=\skip55
Class scrartcl Info: using compatibility default `afterindent=false'
(scrartcl)           for `\part on input line 5090.
\scr@dte@subsection@maxnumwidth=\skip56
Class scrartcl Info: using compatibility default `runin=bysign'
(scrartcl)           for `\subsection on input line 5100.
Class scrartcl Info: using compatibility default `afterindent=bysign'
(scrartcl)           for `\subsection on input line 5100.
\scr@dte@subsubsection@maxnumwidth=\skip57
Class scrartcl Info: using compatibility default `runin=bysign'
(scrartcl)           for `\subsubsection on input line 5110.
Class scrartcl Info: using compatibility default `afterindent=bysign'
(scrartcl)           for `\subsubsection on input line 5110.
\scr@dte@paragraph@maxnumwidth=\skip58
Class scrartcl Info: using compatibility default `runin=bysign'
(scrartcl)           for `\paragraph on input line 5121.
Class scrartcl Info: using compatibility default `afterindent=bysign'
(scrartcl)           for `\paragraph on input line 5121.
\scr@dte@subparagraph@maxnumwidth=\skip59
Class scrartcl Info: using compatibility default `runin=bysign'
(scrartcl)           for `\subparagraph on input line 5131.
Class scrartcl Info: using compatibility default `afterindent=bysign'
(scrartcl)           for `\subparagraph on input line 5131.
\abovecaptionskip=\skip60
\belowcaptionskip=\skip61
\c@pti@nb@sid@b@x=\box52
Package tocbasic Info: omitting babel extension for `lof'
(tocbasic)             because of feature `nobabel' available
(tocbasic)             for `lof' on input line 6309.
\scr@dte@figure@maxnumwidth=\skip62
\c@figure=\count194
Package tocbasic Info: omitting babel extension for `lot'
(tocbasic)             because of feature `nobabel' available
(tocbasic)             for `lot' on input line 6325.
\scr@dte@table@maxnumwidth=\skip63
\c@table=\count195
Class scrartcl Info: Redefining `\numberline' on input line 6495.
\bibindent=\dimen140
)
(/usr/share/texlive/texmf-dist/tex/latex/base/fontenc.sty
Package: fontenc 2021/04/29 v2.0v Standard LaTeX package
)
(/usr/share/texmf/tex/latex/lm/lmodern.sty
Package: lmodern 2015/05/01 v1.6.1 Latin Modern Fonts
LaTeX Font Info:    Overwriting symbol font `operators' in version `normal'
(Font)                  OT1/cmr/m/n --> OT1/lmr/m/n on input line 22.
LaTeX Font Info:    Overwriting symbol font `letters' in version `normal'
(Font)                  OML/cmm/m/it --> OML/lmm/m/it on input line 23.
LaTeX Font Info:    Overwriting symbol font `symbols' in version `normal'
(Font)                  OMS/cmsy/m/n --> OMS/lmsy/m/n on input line 24.
LaTeX Font Info:    Overwriting symbol font `largesymbols' in version `normal'
(Font)                  OMX/cmex/m/n --> OMX/lmex/m/n on input line 25.
LaTeX Font Info:    Overwriting symbol font `operators' in version `bold'
(Font)                  OT1/cmr/bx/n --> OT1/lmr/bx/n on input line 26.
LaTeX Font Info:    Overwriting symbol font `letters' in version `bold'
(Font)                  OML/cmm/b/it --> OML/lmm/b/it on input line 27.
LaTeX Font Info:    Overwriting symbol font `symbols' in version `bold'
(Font)                  OMS/cmsy/b/n --> OMS/lmsy/b/n on input line 28.
LaTeX Font Info:    Overwriting symbol font `largesymbols' in version `bold'
(Font)                  OMX/cmex/m/n --> OMX/lmex/m/n on input line 29.
LaTeX Font Info:    Overwriting math alphabet `\mathbf' in version `normal'
(Font)                  OT1/cmr/bx/n --> OT1/lmr/bx/n on input line 31.
LaTeX Font Info:    Overwriting math alphabet `\mathsf' in version `normal'
(Font)                  OT1/cmss/m/n --> OT1/lmss/m/n on input line 32.
LaTeX Font Info:    Overwriting math alphabet `\mathit' in version `normal'
(Font)                  OT1/cmr/m/it --> OT1/lmr/m/it on input line 33.
LaTeX Font Info:    Overwriting math alphabet `\mathtt' in version `normal'
(Font)                  OT1/cmtt/m/n --> OT1/lmtt/m/n on input line 34.
LaTeX Font Info:    Overwriting math alphabet `\mathbf' in version `bold'
(Font)                  OT1/cmr/bx/n --> OT1/lmr/bx/n on input line 35.
LaTeX Font Info:    Overwriting math alphabet `\mathsf' in version `bold'
(Font)                  OT1/cmss/bx/n --> OT1/lmss/bx/n on input line 36.
LaTeX Font Info:    Overwriting math alphabet `\mathit' in version `bold'
(Font)                  OT1/cmr/bx/it --> OT1/lmr/bx/it on input line 37.
LaTeX Font Info:    Overwriting math alphabet `\mathtt' in version `bold'
(Font)                  OT1/cmtt/m/n --> OT1/lmtt/m/n on input line 38.
)
(/usr/share/texlive/texmf-dist/tex/latex/geometry/geometry.sty
Package: geometry 2020/01/02 v5.9 Page Geometry

(/usr/share/texlive/texmf-dist/tex/generic/iftex/ifvtex.sty
Package: ifvtex 2019/10/25 v1.7 ifvtex legacy package. Use iftex instead.

(/usr/share/texlive/texmf-dist/tex/generic/iftex/iftex.sty
Package: iftex 2022/02/03 v1.0f TeX engine tests
))
\Gm@cnth=\count196
\Gm@cntv=\count197
\c@Gm@tempcnt=\count198
\Gm@bindingoffset=\dimen141
\Gm@wd@mp=\dimen142
\Gm@odd@mp=\dimen143
\Gm@even@mp=\dimen144
\Gm@layoutwidth=\dimen145
\Gm@layoutheight=\dimen146
\Gm@layouthoffset=\dimen147
\Gm@layoutvoffset=\dimen148
\Gm@dimlist=\toks18
)
(/usr/share/texlive/texmf-dist/tex/generic/babel/babel.sty
Package: babel 2024/01/07 v24.1 The Babel package
\babel@savecnt=\count199
\U@D=\dimen149
\l@unhyphenated=\language89

(/usr/share/texlive/texmf-dist/tex/generic/babel/txtbabel.def)
\bbl@readstream=\read2
\bbl@dirlevel=\count266

(/usr/share/texlive/texmf-dist/tex/generic/babel-english/english.ldf
Language: english 2017/06/06 v3.3r English support from the babel system
Package babel Info: Hyphen rules for 'canadian' set to \l@english
(babel)             (\language0). Reported on input line 102.
Package babel Info: Hyphen rules for 'australian' set to \l@ukenglish
(babel)             (\language38). Reported on input line 105.
Package babel Info: Hyphen rules for 'newzealand' set to \l@ukenglish
(babel)             (\language38). Reported on input line 108.
))
(/usr/share/texlive/texmf-dist/tex/generic/babel/locale/en/babel-english.tex
Package babel Info: Importing font and identification data for english
(babel)             from babel-en.ini. Reported on input line 11.
)
(/usr/share/texlive/texmf-dist/tex/latex/microtype/microtype.sty
Package: microtype 2023/03/13 v3.1a Micro-typographical refinements (RS)

(/usr/share/texlive/texmf-dist/tex/latex/etoolbox/etoolbox.sty
Package: etoolbox 2020/10/05 v2.5k e-TeX tools for LaTeX (JAW)
\etb@tempcnta=\count267
)
\MT@toks=\toks19
\MT@tempbox=\box53
\MT@count=\count268
LaTeX Info: Redefining \noprotrusionifhmode on input line 1059.
LaTeX Info: Redefining \leftprotrusion on input line 1060.
\MT@prot@toks=\toks20
LaTeX Info: Redefining \rightprotrusion on input line 1078.
LaTeX Info: Redefining \textls on input line 1368.
\MT@outer@kern=\dimen150
LaTeX Info: Redefining \textmicrotypecontext on input line 1988.
\MT@listname@count=\count269

(/usr/share/texlive/texmf-dist/tex/latex/microtype/microtype-pdftex.def
File: microtype-pdftex.def 2023/03/13 v3.1a Definitions specific to pdftex (RS)

LaTeX Info: Redefining \lsstyle on input line 902.
LaTeX Info: Redefining \lslig on input line 902.
\MT@outer@space=\skip64
)
Package microtype Info: Loading configuration file microtype.cfg.

(/usr/share/texlive/texmf-dist/tex/latex/microtype/microtype.cfg
File: microtype.cfg 2023/03/13 v3.1a microtype main configuration file (RS)
))
(/usr/share/texlive/texmf-dist/tex/latex/amsmath/amsmath.sty
Package: amsmath 2023/05/13 v2.17o AMS math features
\@mathmargin=\skip65

For additional information on amsmath, use the `?' option.
(/usr/share/texlive/texmf-dist/tex/latex/amsmath/amstext.sty
Package: amstext 2021/08/26 v2.01 AMS text

(/usr/share/texlive/texmf-dist/tex/latex/amsmath/amsgen.sty
File: amsgen.sty 1999/11/30 v2.0 generic functions
\@emptytoks=\toks21
\ex@=\dimen151
))
(/usr/share/texlive/texmf-dist/tex/latex/amsmath/amsbsy.sty
Package: amsbsy 1999/11/29 v1.2d Bold Symbols
\pmbraise@=\dimen152
)
(/usr/share/texlive/texmf-dist/tex/latex/amsmath/amsopn.sty
Package: amsopn 2022/04/08 v2.04 operator names
)
\inf@bad=\count270
LaTeX Info: Redefining \frac on input line 234.
\uproot@=\count271
\leftroot@=\count272
LaTeX Info: Redefining \overline on input line 399.
LaTeX Info: Redefining \colon on input line 410.
\classnum@=\count273
\DOTSCASE@=\count274
LaTeX Info: Redefining \ldots on input line 496.
LaTeX Info: Redefining \dots on input line 499.
LaTeX Info: Redefining \cdots on input line 620.
\Mathstrutbox@=\box54
\strutbox@=\box55
LaTeX Info: Redefining \big on input line 722.
LaTeX Info: Redefining \Big on input line 723.
LaTeX Info: Redefining \bigg on input line 724.
LaTeX Info: Redefining \Bigg on input line 725.
\big@size=\dimen153
LaTeX Font Info:    Redeclaring font encoding OML on input line 743.
LaTeX Font Info:    Redeclaring font encoding OMS on input line 744.
\macc@depth=\count275
LaTeX Info: Redefining \bmod on input line 905.
LaTeX Info: Redefining \pmod on input line 910.
LaTeX Info: Redefining \smash on input line 940.
LaTeX Info: Redefining \relbar on input line 970.
LaTeX Info: Redefining \Relbar on input line 971.
\c@MaxMatrixCols=\count276
\dotsspace@=\muskip16
\c@parentequation=\count277
\dspbrk@lvl=\count278
\tag@help=\toks22
\row@=\count279
\column@=\count280
\maxfields@=\count281
\andhelp@=\toks23
\eqnshift@=\dimen154
\alignsep@=\dimen155
\tagshift@=\dimen156
\tagwidth@=\dimen157
\totwidth@=\dimen158
\lineht@=\dimen159
\@envbody=\toks24
\multlinegap=\skip66
\multlinetaggap=\skip67
\mathdisplay@stack=\toks25
LaTeX Info: Redefining \[ on input line 2953.
LaTeX Info: Redefining \] on input line 2954.
)
(/usr/share/texlive/texmf-dist/tex/latex/amsfonts/amsfonts.sty
Package: amsfonts 2013/01/14 v3.01 Basic AMSFonts support
\symAMSa=\mathgroup4
\symAMSb=\mathgroup5
LaTeX Font Info:    Redeclaring math symbol \hbar on input line 98.
LaTeX Font Info:    Overwriting math alphabet `\mathfrak' in version `bold'
(Font)                  U/euf/m/n --> U/euf/b/n on input line 106.
)
(/usr/share/texlive/texmf-dist/tex/latex/amscls/amsthm.sty
Package: amsthm 2020/05/29 v2.20.6
\thm@style=\toks26
\thm@bodyfont=\toks27
\thm@headfont=\toks28
\thm@notefont=\toks29
\thm@headpunct=\toks30
\thm@preskip=\skip68
\thm@postskip=\skip69
\thm@headsep=\skip70
\dth@everypar=\toks31
)
(/usr/share/texlive/texmf-dist/tex/latex/xpatch/xpatch.sty
(/usr/share/texlive/texmf-dist/tex/latex/l3kernel/expl3.sty
Package: expl3 2024-01-22 L3 programming layer (loader) 

(/usr/share/texlive/texmf-dist/tex/latex/l3backend/l3backend-pdftex.def
File: l3backend-pdftex.def 2024-01-04 L3 backend support: PDF output (pdfTeX)
\l__color_backend_stack_int=\count282
\l__pdf_internal_box=\box56
))
Package: xpatch 2020/03/25 v0.3a Extending etoolbox patching commands

(/usr/share/texlive/texmf-dist/tex/latex/l3packages/xparse/xparse.sty
Package: xparse 2023-10-10 L3 Experimental document command parser
))
Class scrartcl Info: amsthm's \deferred@thm@head patched.

(/usr/share/texlive/texmf-dist/tex/latex/graphics/graphicx.sty
Package: graphicx 2021/09/16 v1.2d Enhanced LaTeX Graphics (DPC,SPQR)

(/usr/share/texlive/texmf-dist/tex/latex/graphics/graphics.sty
Package: graphics 2022/03/10 v1.4e Standard LaTeX Graphics (DPC,SPQR)

(/usr/share/texlive/texmf-dist/tex/latex/graphics/trig.sty
Package: trig 2021/08/11 v1.11 sin cos tan (DPC)
)
(/usr/share/texlive/texmf-dist/tex/latex/graphics-cfg/graphics.cfg
File: graphics.cfg 2016/06/04 v1.11 sample graphics configuration
)
Package graphics Info: Driver file: pdftex.def on input line 107.

(/usr/share/texlive/texmf-dist/tex/latex/graphics-def/pdftex.def
File: pdftex.def 2022/09/22 v1.2b Graphics/color driver for pdftex
))
\Gin@req@height=\dimen160
\Gin@req@width=\dimen161
)
(/usr/share/texlive/texmf-dist/tex/latex/url/url.sty
\Urlmuskip=\muskip17
Package: url 2013/09/16  ver 3.4  Verb mode for urls, etc.
)
(/usr/share/texlive/texmf-dist/tex/latex/caption/subcaption.sty
Package: subcaption 2023/07/28 v1.6b Sub-captions (AR)

(/usr/share/texlive/texmf-dist/tex/latex/caption/caption.sty
Package: caption 2023/08/05 v3.6o Customizing captions (AR)

(/usr/share/texlive/texmf-dist/tex/latex/caption/caption3.sty
Package: caption3 2023/07/31 v2.4d caption3 kernel (AR)
\caption@tempdima=\dimen162
\captionmargin=\dimen163
\caption@leftmargin=\dimen164
\caption@rightmargin=\dimen165
\caption@width=\dimen166
\caption@indent=\dimen167
\caption@parindent=\dimen168
\caption@hangindent=\dimen169
Package caption Info: KOMA-Script document class detected.

(/usr/share/texlive/texmf-dist/tex/latex/caption/caption-koma.sto
File: caption-koma.sto 2023/09/08 v2.0e Adaption of the caption package to the 
KOMA-Script document classes (AR)
))
\c@caption@flags=\count283
\c@continuedfloat=\count284
Package caption Info: KOMA-Script scrextend package detected.
\caption@addmargin@hsize=\dimen170
\caption@addmargin@linewidth=\dimen171
)
Package caption Info: New subtype `subfigure' on input line 238.
\c@subfigure=\count285
Package caption Info: New subtype `subtable' on input line 238.
\c@subtable=\count286
)
(/usr/share/texlive/texmf-dist/tex/latex/sectsty/sectsty.sty
Package: sectsty 2002/02/25 v2.0.2 Commands to change all sectional heading sty
les


LaTeX Warning: Command \underbar  has changed.
               Check if current package is valid.


LaTeX Warning: Command \underline  has changed.
               Check if current package is valid.

)

Class scrartcl Warning: Incompatible package `sectsty' loaded!
(scrartcl)              Package `sectsty' up to version 2.0.2 is incompatible
(scrartcl)              with KOMA-Script from version 2.8e released in 2001.
(scrartcl)              You should avoid that package and configure the
(scrartcl)              section titles of your document using the KOMA-Script
(scrartcl)              user interface, e.g., \chapterlinesformat,
(scrartcl)              \RedeclareSectionCommand etc. or you should ask
(scrartcl)              the `sectsty' maintainer for a more compatible release.

(scrartcl)              Ignoring this warning could result in several error
(scrartcl)              messages and formatting issues after loading package
(scrartcl)              `sectsty' on input line 45.

(/usr/share/texlive/texmf-dist/tex/latex/hyperref/hyperref.sty
Package: hyperref 2024-01-20 v7.01h Hypertext links for LaTeX

(/usr/share/texlive/texmf-dist/tex/latex/kvsetkeys/kvsetkeys.sty
Package: kvsetkeys 2022-10-05 v1.19 Key value parser (HO)
)
(/usr/share/texlive/texmf-dist/tex/generic/kvdefinekeys/kvdefinekeys.sty
Package: kvdefinekeys 2019-12-19 v1.6 Define keys (HO)
)
(/usr/share/texlive/texmf-dist/tex/generic/pdfescape/pdfescape.sty
Package: pdfescape 2019/12/09 v1.15 Implements pdfTeX's escape features (HO)

(/usr/share/texlive/texmf-dist/tex/generic/ltxcmds/ltxcmds.sty
Package: ltxcmds 2023-12-04 v1.26 LaTeX kernel commands for general use (HO)
)
(/usr/share/texlive/texmf-dist/tex/generic/pdftexcmds/pdftexcmds.sty
Package: pdftexcmds 2020-06-27 v0.33 Utility functions of pdfTeX for LuaTeX (HO
)

(/usr/share/texlive/texmf-dist/tex/generic/infwarerr/infwarerr.sty
Package: infwarerr 2019/12/03 v1.5 Providing info/warning/error messages (HO)
)
Package pdftexcmds Info: \pdf@primitive is available.
Package pdftexcmds Info: \pdf@ifprimitive is available.
Package pdftexcmds Info: \pdfdraftmode found.
))
(/usr/share/texlive/texmf-dist/tex/latex/hycolor/hycolor.sty
Package: hycolor 2020-01-27 v1.10 Color options for hyperref/bookmark (HO)
)
(/usr/share/texlive/texmf-dist/tex/latex/auxhook/auxhook.sty
Package: auxhook 2019-12-17 v1.6 Hooks for auxiliary files (HO)
)
(/usr/share/texlive/texmf-dist/tex/latex/hyperref/nameref.sty
Package: nameref 2023-11-26 v2.56 Cross-referencing by name of section

(/usr/share/texlive/texmf-dist/tex/latex/refcount/refcount.sty
Package: refcount 2019/12/15 v3.6 Data extraction from label references (HO)
)
(/usr/share/texlive/texmf-dist/tex/generic/gettitlestring/gettitlestring.sty
Package: gettitlestring 2019/12/15 v1.6 Cleanup title references (HO)

(/usr/share/texlive/texmf-dist/tex/latex/kvoptions/kvoptions.sty
Package: kvoptions 2022-06-15 v3.15 Key value format for package options (HO)
))
\c@section@level=\count287
)
\@linkdim=\dimen172
\Hy@linkcounter=\count288
\Hy@pagecounter=\count289

(/usr/share/texlive/texmf-dist/tex/latex/hyperref/pd1enc.def
File: pd1enc.def 2024-01-20 v7.01h Hyperref: PDFDocEncoding definition (HO)
Now handling font encoding PD1 ...
... no UTF-8 mapping file for font encoding PD1
)
(/usr/share/texlive/texmf-dist/tex/generic/intcalc/intcalc.sty
Package: intcalc 2019/12/15 v1.3 Expandable calculations with integers (HO)
)
\Hy@SavedSpaceFactor=\count290

(/usr/share/texlive/texmf-dist/tex/latex/hyperref/puenc.def
File: puenc.def 2024-01-20 v7.01h Hyperref: PDF Unicode definition (HO)
Now handling font encoding PU ...
... no UTF-8 mapping file for font encoding PU
)
Package hyperref Info: Hyper figures OFF on input line 4179.
Package hyperref Info: Link nesting OFF on input line 4184.
Package hyperref Info: Hyper index ON on input line 4187.
Package hyperref Info: Plain pages OFF on input line 4194.
Package hyperref Info: Backreferencing OFF on input line 4199.
Package hyperref Info: Implicit mode ON; LaTeX internals redefined.
Package hyperref Info: Bookmarks ON on input line 4446.
\c@Hy@tempcnt=\count291
LaTeX Info: Redefining \url on input line 4784.
\XeTeXLinkMargin=\dimen173

(/usr/share/texlive/texmf-dist/tex/generic/bitset/bitset.sty
Package: bitset 2019/12/09 v1.3 Handle bit-vector datatype (HO)

(/usr/share/texlive/texmf-dist/tex/generic/bigintcalc/bigintcalc.sty
Package: bigintcalc 2019/12/15 v1.5 Expandable calculations on big integers (HO
)
))
\Fld@menulength=\count292
\Field@Width=\dimen174
\Fld@charsize=\dimen175
Package hyperref Info: Hyper figures OFF on input line 6063.
Package hyperref Info: Link nesting OFF on input line 6068.
Package hyperref Info: Hyper index ON on input line 6071.
Package hyperref Info: backreferencing OFF on input line 6078.
Package hyperref Info: Link coloring OFF on input line 6083.
Package hyperref Info: Link coloring with OCG OFF on input line 6088.
Package hyperref Info: PDF/A mode OFF on input line 6093.

(/usr/share/texlive/texmf-dist/tex/latex/base/atbegshi-ltx.sty
Package: atbegshi-ltx 2021/01/10 v1.0c Emulation of the original atbegshi
package with kernel methods
)
\Hy@abspage=\count293
\c@Item=\count294
\c@Hfootnote=\count295
)
Package hyperref Info: Driver (autodetected): hpdftex.

(/usr/share/texlive/texmf-dist/tex/latex/hyperref/hpdftex.def
File: hpdftex.def 2024-01-20 v7.01h Hyperref driver for pdfTeX

(/usr/share/texlive/texmf-dist/tex/latex/base/atveryend-ltx.sty
Package: atveryend-ltx 2020/08/19 v1.0a Emulation of the original atveryend pac
kage
with kernel methods
)
\Fld@listcount=\count296
\c@bookmark@seq@number=\count297

(/usr/share/texlive/texmf-dist/tex/latex/rerunfilecheck/rerunfilecheck.sty
Package: rerunfilecheck 2022-07-10 v1.10 Rerun checks for auxiliary files (HO)

(/usr/share/texlive/texmf-dist/tex/generic/uniquecounter/uniquecounter.sty
Package: uniquecounter 2019/12/15 v1.4 Provide unlimited unique counter (HO)
)
Package uniquecounter Info: New unique counter `rerunfilecheck' on input line 2
85.
)
\Hy@SectionHShift=\skip71
)
Package hyperref Info: Option `colorlinks' set `true' on input line 53.


Class scrartcl Warning: Usage of package `fancyhdr' together
(scrartcl)              with a KOMA-Script class is not recommended.
(scrartcl)              I'd suggest to use 
(scrartcl)              package `scrlayer' or `scrlayer-scrpage', because
(scrartcl)              they support KOMA-Script classes.
(scrartcl)              With `fancyhdr' several features of class `scrartcl'
(scrartcl)              like options `headsepline', `footsepline' or command
(scrartcl)              `\MakeMarkcase' and the commands `\setkomafont' and
(scrartcl)              `\addtokomafont' for the page style elements need
(scrartcl)              explicite user intervention to work.
(scrartcl)              Nevertheless, using requested
(scrartcl)              package `fancyhdr' on input line 57.

(/usr/share/texlive/texmf-dist/tex/latex/fancyhdr/fancyhdr.sty
Package: fancyhdr 2022/11/09 v4.1 Extensive control of page headers and footers

\f@nch@headwidth=\skip72
\f@nch@O@elh=\skip73
\f@nch@O@erh=\skip74
\f@nch@O@olh=\skip75
\f@nch@O@orh=\skip76
\f@nch@O@elf=\skip77
\f@nch@O@erf=\skip78
\f@nch@O@olf=\skip79
\f@nch@O@orf=\skip80
)
LaTeX Font Info:    Trying to load font information for T1+lmr on input line 95
.

(/usr/share/texmf/tex/latex/lm/t1lmr.fd
File: t1lmr.fd 2015/05/01 v1.6.1 Font defs for Latin Modern
) (./main.aux

LaTeX Warning: Label `fig:sub1' multiply defined.


LaTeX Warning: Label `sub@fig:sub1' multiply defined.


LaTeX Warning: Label `fig:sub2' multiply defined.


LaTeX Warning: Label `sub@fig:sub2' multiply defined.


LaTeX Warning: Label `fig:sub2' multiply defined.


LaTeX Warning: Label `sub@fig:sub2' multiply defined.


LaTeX Warning: Label `fig:sub1' multiply defined.


LaTeX Warning: Label `sub@fig:sub1' multiply defined.


LaTeX Warning: Label `fig:sub2' multiply defined.


LaTeX Warning: Label `sub@fig:sub2' multiply defined.


LaTeX Warning: Label `fig:sub1' multiply defined.


LaTeX Warning: Label `sub@fig:sub1' multiply defined.


LaTeX Warning: Label `fig:sub2' multiply defined.


LaTeX Warning: Label `sub@fig:sub2' multiply defined.


LaTeX Warning: Label `fig:sub1' multiply defined.


LaTeX Warning: Label `sub@fig:sub1' multiply defined.


LaTeX Warning: Label `fig:sub2' multiply defined.


LaTeX Warning: Label `sub@fig:sub2' multiply defined.


LaTeX Warning: Label `fig:sub1' multiply defined.


LaTeX Warning: Label `sub@fig:sub1' multiply defined.


LaTeX Warning: Label `fig:sub2' multiply defined.


LaTeX Warning: Label `sub@fig:sub2' multiply defined.


LaTeX Warning: Label `fig:sub1' multiply defined.


LaTeX Warning: Label `sub@fig:sub1' multiply defined.


LaTeX Warning: Label `fig:sub2' multiply defined.


LaTeX Warning: Label `sub@fig:sub2' multiply defined.


LaTeX Warning: Label `fig:sub1' multiply defined.


LaTeX Warning: Label `sub@fig:sub1' multiply defined.


LaTeX Warning: Label `fig:sub2' multiply defined.


LaTeX Warning: Label `sub@fig:sub2' multiply defined.


LaTeX Warning: Label `fig:sub1' multiply defined.


LaTeX Warning: Label `sub@fig:sub1' multiply defined.


LaTeX Warning: Label `fig:sub2' multiply defined.


LaTeX Warning: Label `sub@fig:sub2' multiply defined.


LaTeX Warning: Label `fig:sub2' multiply defined.


LaTeX Warning: Label `sub@fig:sub2' multiply defined.


LaTeX Warning: Label `fig:sub2' multiply defined.


LaTeX Warning: Label `sub@fig:sub2' multiply defined.


LaTeX Warning: Label `fig:sub2' multiply defined.


LaTeX Warning: Label `sub@fig:sub2' multiply defined.


LaTeX Warning: Label `fig:sub2' multiply defined.


LaTeX Warning: Label `sub@fig:sub2' multiply defined.

)
\openout1 = `main.aux'.

LaTeX Font Info:    Checking defaults for OML/cmm/m/it on input line 95.
LaTeX Font Info:    ... okay on input line 95.
LaTeX Font Info:    Checking defaults for OMS/cmsy/m/n on input line 95.
LaTeX Font Info:    ... okay on input line 95.
LaTeX Font Info:    Checking defaults for OT1/cmr/m/n on input line 95.
LaTeX Font Info:    ... okay on input line 95.
LaTeX Font Info:    Checking defaults for T1/cmr/m/n on input line 95.
LaTeX Font Info:    ... okay on input line 95.
LaTeX Font Info:    Checking defaults for TS1/cmr/m/n on input line 95.
LaTeX Font Info:    ... okay on input line 95.
LaTeX Font Info:    Checking defaults for OMX/cmex/m/n on input line 95.
LaTeX Font Info:    ... okay on input line 95.
LaTeX Font Info:    Checking defaults for U/cmr/m/n on input line 95.
LaTeX Font Info:    ... okay on input line 95.
LaTeX Font Info:    Checking defaults for PD1/pdf/m/n on input line 95.
LaTeX Font Info:    ... okay on input line 95.
LaTeX Font Info:    Checking defaults for PU/pdf/m/n on input line 95.
LaTeX Font Info:    ... okay on input line 95.
Package scrbase Info: activating english \abstractname on input line 95.
Package scrbase Info: activating english \partname on input line 95.
Package scrbase Info: activating english \figurename on input line 95.
Package scrbase Info: activating english \tablename on input line 95.
Package scrbase Info: activating english \contentsname on input line 95.
Package scrbase Info: activating english \listfigurename on input line 95.
Package scrbase Info: activating english \listtablename on input line 95.
Package scrbase Info: activating english \refname on input line 95.
Package scrbase Info: activating english \indexname on input line 95.

*geometry* driver: auto-detecting
*geometry* detected driver: pdftex
*geometry* verbose mode - [ preamble ] result:
* driver: pdftex
* paper: a4paper
* layout: <same size as paper>
* layoutoffset:(h,v)=(0.0pt,0.0pt)
* modes: 
* h-part:(L,W,R)=(54.2025pt, 489.10287pt, 54.2025pt)
* v-part:(T,H,B)=(72.26999pt, 700.50687pt, 72.26999pt)
* \paperwidth=597.50787pt
* \paperheight=845.04684pt
* \textwidth=489.10287pt
* \textheight=700.50687pt
* \oddsidemargin=-18.06749pt
* \evensidemargin=-18.06749pt
* \topmargin=-37.40001pt
* \headheight=13.6pt
* \headsep=20.40001pt
* \topskip=11.0pt
* \footskip=47.6pt
* \marginparwidth=59.7508pt
* \marginparsep=12.8401pt
* \columnsep=10.0pt
* \skip\footins=10.0pt plus 4.0pt minus 2.0pt
* \hoffset=0.0pt
* \voffset=0.0pt
* \mag=1000
* \@twocolumnfalse
* \@twosidefalse
* \@mparswitchfalse
* \@reversemarginfalse
* (1in=72.27pt=25.4mm, 1cm=28.453pt)

LaTeX Info: Redefining \microtypecontext on input line 95.
Package microtype Info: Applying patch `item' on input line 95.
Package microtype Info: Applying patch `toc' on input line 95.
Package microtype Info: Applying patch `eqnum' on input line 95.
Package microtype Info: Applying patch `footnote' on input line 95.
Package microtype Info: Applying patch `verbatim' on input line 95.
Package microtype Info: Generating PDF output.
Package microtype Info: Character protrusion enabled (level 2).
Package microtype Info: Using default protrusion set `alltext'.
Package microtype Info: Automatic font expansion enabled (level 2),
(microtype)             stretch: 20, shrink: 20, step: 1, non-selected.
Package microtype Info: Using default expansion set `alltext-nott'.
LaTeX Info: Redefining \showhyphens on input line 95.
Package microtype Info: No adjustment of tracking.
Package microtype Info: No adjustment of interword spacing.
Package microtype Info: No adjustment of character kerning.
(/usr/share/texlive/texmf-dist/tex/latex/microtype/mt-cmr.cfg
File: mt-cmr.cfg 2013/05/19 v2.2 microtype config. file: Computer Modern Roman 
(RS)
)
(/usr/share/texlive/texmf-dist/tex/context/base/mkii/supp-pdf.mkii
[Loading MPS to PDF converter (version 2006.09.02).]
\scratchcounter=\count298
\scratchdimen=\dimen176
\scratchbox=\box57
\nofMPsegments=\count299
\nofMParguments=\count300
\everyMPshowfont=\toks32
\MPscratchCnt=\count301
\MPscratchDim=\dimen177
\MPnumerator=\count302
\makeMPintoPDFobject=\count303
\everyMPtoPDFconversion=\toks33
) (/usr/share/texlive/texmf-dist/tex/latex/epstopdf-pkg/epstopdf-base.sty
Package: epstopdf-base 2020-01-24 v2.11 Base part for package epstopdf
Package epstopdf-base Info: Redefining graphics rule for `.eps' on input line 4
85.

(/usr/share/texlive/texmf-dist/tex/latex/latexconfig/epstopdf-sys.cfg
File: epstopdf-sys.cfg 2010/07/13 v1.3 Configuration of (r)epstopdf for TeX Liv
e
))
Package caption Info: Begin \AtBeginDocument code.
Package caption Info: hyperref package is loaded.
Package caption Info: End \AtBeginDocument code.

(/usr/share/texlive/texmf-dist/tex/latex/graphics/color.sty
Package: color 2022/01/06 v1.3d Standard LaTeX Color (DPC)

(/usr/share/texlive/texmf-dist/tex/latex/graphics-cfg/color.cfg
File: color.cfg 2016/01/02 v1.6 sample color configuration
)
Package color Info: Driver file: pdftex.def on input line 149.

(/usr/share/texlive/texmf-dist/tex/latex/graphics/mathcolor.ltx))
Package hyperref Info: Link coloring ON on input line 95.
 (./main.out)
(./main.out)
\@outlinefile=\write3
\openout3 = `main.out'.

Class scrartcl Info: loading recommended package `bookmark'.
(scrartcl)           Using `bookmark' together with `hyperref' is recommended,
(scrartcl)           because of handling of possible bookmark level gaps.
(scrartcl)           You can avoid loading `bookmark' with KOMA-Script option
(scrartcl)           `bookmarkpackage=false' before \begin{document} and
(scrartcl)           you can avoid this message adding:
(scrartcl)             \usepackage{bookmark}
(scrartcl)           before \begin{document} on input line 95.
 (/usr/share/texlive/texmf-dist/tex/latex/bookmark/bookmark.sty
Package: bookmark 2023-12-10 v1.31 PDF bookmarks (HO)

(/usr/share/texlive/texmf-dist/tex/latex/bookmark/bkm-pdftex.def
File: bkm-pdftex.def 2023-12-10 v1.31 bookmark driver for pdfTeX and luaTeX (HO
)
\BKM@id=\count304
))
LaTeX Font Info:    Trying to load font information for T1+lmss on input line 9
7.

(/usr/share/texmf/tex/latex/lm/t1lmss.fd
File: t1lmss.fd 2015/05/01 v1.6.1 Font defs for Latin Modern
)
Package microtype Info: Loading generic protrusion settings for font family
(microtype)             `lmss' (encoding: T1).
(microtype)             For optimal results, create family-specific settings.
(microtype)             See the microtype manual for details.
LaTeX Font Info:    Trying to load font information for OT1+bch on input line 9
7.

(/usr/share/texlive/texmf-dist/tex/latex/psnfss/ot1bch.fd
File: ot1bch.fd 2004/10/18 font definitions for OT1/bch.
)
(/usr/share/texlive/texmf-dist/tex/latex/microtype/mt-bch.cfg
File: mt-bch.cfg 2007/03/03 v1.5 microtype config. file: Bitstream Charter (RS)

)
Package microtype Info: Character `029' is missing
(microtype)             in font `T1/lmr/m/sc/10.95'.
(microtype)             Ignoring protrusion settings for this character.
LaTeX Font Info:    Trying to load font information for OT1+lmr on input line 9
7.

(/usr/share/texmf/tex/latex/lm/ot1lmr.fd
File: ot1lmr.fd 2015/05/01 v1.6.1 Font defs for Latin Modern
)
LaTeX Font Info:    Trying to load font information for OML+lmm on input line 9
7.

(/usr/share/texmf/tex/latex/lm/omllmm.fd
File: omllmm.fd 2015/05/01 v1.6.1 Font defs for Latin Modern
)
LaTeX Font Info:    Trying to load font information for OMS+lmsy on input line 
97.

(/usr/share/texmf/tex/latex/lm/omslmsy.fd
File: omslmsy.fd 2015/05/01 v1.6.1 Font defs for Latin Modern
)
LaTeX Font Info:    Trying to load font information for OMX+lmex on input line 
97.

(/usr/share/texmf/tex/latex/lm/omxlmex.fd
File: omxlmex.fd 2015/05/01 v1.6.1 Font defs for Latin Modern
)
LaTeX Font Info:    External font `lmex10' loaded for size
(Font)              <14.4> on input line 97.
LaTeX Font Info:    External font `lmex10' loaded for size
(Font)              <10> on input line 97.
LaTeX Font Info:    External font `lmex10' loaded for size
(Font)              <7> on input line 97.
LaTeX Font Info:    Trying to load font information for U+msa on input line 97.


(/usr/share/texlive/texmf-dist/tex/latex/amsfonts/umsa.fd
File: umsa.fd 2013/01/14 v3.01 AMS symbols A
)
(/usr/share/texlive/texmf-dist/tex/latex/microtype/mt-msa.cfg
File: mt-msa.cfg 2006/02/04 v1.1 microtype config. file: AMS symbols (a) (RS)
)
LaTeX Font Info:    Trying to load font information for U+msb on input line 97.


(/usr/share/texlive/texmf-dist/tex/latex/amsfonts/umsb.fd
File: umsb.fd 2013/01/14 v3.01 AMS symbols B
)
(/usr/share/texlive/texmf-dist/tex/latex/microtype/mt-msb.cfg
File: mt-msb.cfg 2005/06/01 v1.0 microtype config. file: AMS symbols (b) (RS)
)
Package microtype Info: Character `029' is missing
(microtype)             in font `T1/lmr/m/sc/14.4'.
(microtype)             Ignoring protrusion settings for this character.
 [1


{/var/lib/texmf/fonts/map/pdftex/updmap/pdftex.map}{/usr/share/texmf/fonts/enc/
dvips/lm/lm-ec.enc}]
Package microtype Info: Character `029' is missing
(microtype)             in font `T1/lmr/m/sc/12'.
(microtype)             Ignoring protrusion settings for this character.
LaTeX Font Info:    External font `lmex10' loaded for size
(Font)              <10.95> on input line 120.
LaTeX Font Info:    External font `lmex10' loaded for size
(Font)              <8> on input line 120.
LaTeX Font Info:    External font `lmex10' loaded for size
(Font)              <6> on input line 120.
 [2{/usr/share/texmf/fonts/enc/dvips/lm/lm-mathit.enc}{/usr/share/texmf/fonts/e
nc/dvips/lm/lm-mathsy.enc}{/usr/share/texmf/fonts/enc/dvips/lm/lm-rm.enc}{/usr/
share/texmf/fonts/enc/dvips/lm/lm-mathex.enc}]
Underfull \hbox (badness 10000) in paragraph at lines 224--225

 []

[3]
Underfull \hbox (badness 10000) in paragraph at lines 297--298

 []

[4]
<media/Ra_cr.png, id=100, 632.24205pt x 399.29175pt>
File: media/Ra_cr.png Graphic file (type png)
<use media/Ra_cr.png>
Package pdftex.def Info: media/Ra_cr.png  used on input line 336.
(pdftex.def)             Requested size: 342.37051pt x 216.22969pt.
 [5 <./media/Ra_cr.png>]
Underfull \hbox (badness 10000) in paragraph at lines 400--401

 []


Underfull \hbox (badness 10000) in paragraph at lines 447--448

 []

[6]
Underfull \hbox (badness 10000) in paragraph at lines 461--462

 []

<media/pitchfork_eigs.png, id=149, 638.8668pt x 400.49625pt>
File: media/pitchfork_eigs.png Graphic file (type png)
<use media/pitchfork_eigs.png>
Package pdftex.def Info: media/pitchfork_eigs.png  used on input line 498.
(pdftex.def)             Requested size: 342.37051pt x 214.63309pt.

Underfull \hbox (badness 10000) in paragraph at lines 503--504

 []

<media/streamlines.png, id=151, 571.6557pt x 282.21436pt>
File: media/streamlines.png Graphic file (type png)
<use media/streamlines.png>
Package pdftex.def Info: media/streamlines.png  used on input line 507.
(pdftex.def)             Requested size: 440.18959pt x 217.32294pt.
[7 <./media/pitchfork_eigs.png>]
Underfull \hbox (badness 10000) in paragraph at lines 515--517

 []

<media/hopf_eigs_real.png, id=169, 526.8483pt x 400.49625pt>
File: media/hopf_eigs_real.png Graphic file (type png)
<use media/hopf_eigs_real.png>
Package pdftex.def Info: media/hopf_eigs_real.png  used on input line 537.
(pdftex.def)             Requested size: 239.66309pt x 182.18329pt.
<media/hopf_eigs_imag.png, id=170, 526.8483pt x 400.49625pt>
File: media/hopf_eigs_imag.png Graphic file (type png)
<use media/hopf_eigs_imag.png>
Package pdftex.def Info: media/hopf_eigs_imag.png  used on input line 544.
(pdftex.def)             Requested size: 239.66309pt x 182.18329pt.

Underfull \hbox (badness 1112) in paragraph at lines 549--549
[][][]|\T1/lmr/m/n/10.95 (+20) Real and imag-i-nary parts of the eigen-val-ues 
of the fixed points at $\OT1/lmr/m/n/10.95 (+20) (\OML/lmm/m/it/10.95 X; Y; Z\O
T1/lmr/m/n/10.95 (+20) ) =
 []


Underfull \hbox (badness 10000) in paragraph at lines 553--554

 []

<media/bifurcation_diagram.png, id=173, 744.1401pt x 384.4764pt>
File: media/bifurcation_diagram.png Graphic file (type png)
<use media/bifurcation_diagram.png>
Package pdftex.def Info: media/bifurcation_diagram.png  used on input line 557.

(pdftex.def)             Requested size: 440.18959pt x 227.4375pt.
<media/orbit_r_23.88.png, id=174, 433.62pt x 433.62pt>
File: media/orbit_r_23.88.png Graphic file (type png)
<use media/orbit_r_23.88.png>
Package pdftex.def Info: media/orbit_r_23.88.png  used on input line 567.
(pdftex.def)             Requested size: 242.10353pt x 242.10434pt.
LaTeX Font Info:    External font `lmex10' loaded for size
(Font)              <5> on input line 568.
<media/orbit_r_20.67.png, id=175, 433.62pt x 433.62pt>
File: media/orbit_r_20.67.png Graphic file (type png)
<use media/orbit_r_20.67.png>
Package pdftex.def Info: media/orbit_r_20.67.png  used on input line 574.
(pdftex.def)             Requested size: 242.10353pt x 242.10434pt.
<media/orbit_r_13.93.png, id=176, 433.62pt x 433.62pt>
File: media/orbit_r_13.93.png Graphic file (type png)
<use media/orbit_r_13.93.png>
Package pdftex.def Info: media/orbit_r_13.93.png  used on input line 581.
(pdftex.def)             Requested size: 242.10353pt x 242.10434pt.

Underfull \hbox (badness 10000) in paragraph at lines 596--597

 []

[8 <./media/streamlines.png>] [9 <./media/hopf_eigs_real.png> <./media/hopf_eig
s_imag.png> <./media/bifurcation_diagram.png>]
<media/attractor_28.00.png, id=201, 433.62pt x 433.62pt>
File: media/attractor_28.00.png Graphic file (type png)
<use media/attractor_28.00.png>
Package pdftex.def Info: media/attractor_28.00.png  used on input line 601.
(pdftex.def)             Requested size: 237.21518pt x 237.21475pt.
<media/time_series_28.00.png, id=202, 532.26855pt x 388.45125pt>
File: media/time_series_28.00.png Graphic file (type png)
<use media/time_series_28.00.png>
Package pdftex.def Info: media/time_series_28.00.png  used on input line 608.
(pdftex.def)             Requested size: 246.99933pt x 180.26047pt.

Underfull \hbox (badness 10000) in paragraph at lines 617--618

 []

[10 <./media/orbit_r_23.88.png> <./media/orbit_r_20.67.png> <./media/orbit_r_13
.93.png>]
<media/sensitivity_28.00.png, id=212, 532.26855pt x 388.45125pt>
File: media/sensitivity_28.00.png Graphic file (type png)
<use media/sensitivity_28.00.png>
Package pdftex.def Info: media/sensitivity_28.00.png  used on input line 629.
(pdftex.def)             Requested size: 242.10353pt x 176.68631pt.
<media/separation_28.00.png, id=213, 536.9661pt x 388.45125pt>
File: media/separation_28.00.png Graphic file (type png)
<use media/separation_28.00.png>
Package pdftex.def Info: media/separation_28.00.png  used on input line 636.
(pdftex.def)             Requested size: 242.10353pt x 175.14522pt.

Underfull \hbox (badness 10000) in paragraph at lines 646--647

 []

[11 <./media/attractor_28.00.png> <./media/time_series_28.00.png> <./media/sens
itivity_28.00.png> <./media/separation_28.00.png>]
<media/time_series_22.00.png, id=225, 532.26855pt x 388.45125pt>
File: media/time_series_22.00.png Graphic file (type png)
<use media/time_series_22.00.png>
Package pdftex.def Info: media/time_series_22.00.png  used on input line 651.
(pdftex.def)             Requested size: 242.10353pt x 176.68631pt.
<media/time_series_23.00.png, id=226, 532.26855pt x 388.45125pt>
File: media/time_series_23.00.png Graphic file (type png)
<use media/time_series_23.00.png>
Package pdftex.def Info: media/time_series_23.00.png  used on input line 658.
(pdftex.def)             Requested size: 242.10353pt x 176.68631pt.

Underfull \hbox (badness 10000) in paragraph at lines 667--668

 []


Underfull \hbox (badness 10000) in paragraph at lines 669--670

 []

<media/attractor_with_orbit_r_22.08_seed_2.png, id=229, 433.62pt x 433.62pt>
File: media/attractor_with_orbit_r_22.08_seed_2.png Graphic file (type png)
<use media/attractor_with_orbit_r_22.08_seed_2.png>
Package pdftex.def Info: media/attractor_with_orbit_r_22.08_seed_2.png  used on
 input line 675.
(pdftex.def)             Requested size: 242.10353pt x 242.10434pt.
<media/attractor_with_orbit_r_22.08_seed_100.png, id=230, 433.62pt x 433.62pt>
File: media/attractor_with_orbit_r_22.08_seed_100.png Graphic file (type png)
<use media/attractor_with_orbit_r_22.08_seed_100.png>
Package pdftex.def Info: media/attractor_with_orbit_r_22.08_seed_100.png  used 
on input line 682.
(pdftex.def)             Requested size: 242.10353pt x 242.10434pt.
[12 <./media/time_series_22.00.png> <./media/time_series_23.00.png>]
Overfull \hbox (5.44264pt too wide) in paragraph at lines 697--698
\T1/lmr/m/n/10.95 (-20) The gov-ern-ing equa-tions [][]2.22[][]-[][]2.23[][] ar
e in-vari-ant un-der trans-la-tion in the x-direction i.e. $\OT1/lmr/m/n/10.95 
(-20) (\OML/lmm/m/it/10.95  \OT1/lmr/m/n/10.95 (-20) (\OML/lmm/m/it/10.95 x; z;
 t\OT1/lmr/m/n/10.95 (-20) )\OML/lmm/m/it/10.95 ; ^^R\OT1/lmr/m/n/10.95 (-20) (
\OML/lmm/m/it/10.95 x; z; t\OT1/lmr/m/n/10.95 (-20) ))$
 []


Underfull \hbox (badness 10000) in paragraph at lines 715--716

 []

[13 <./media/attractor_with_orbit_r_22.08_seed_2.png> <./media/attractor_with_o
rbit_r_22.08_seed_100.png>]
Underfull \hbox (badness 10000) in paragraph at lines 787--789

 []

[14]
<media/extendedstreamlines.png, id=290, 571.6557pt x 282.21436pt>
File: media/extendedstreamlines.png Graphic file (type png)
<use media/extendedstreamlines.png>
Package pdftex.def Info: media/extendedstreamlines.png  used on input line 829.

(pdftex.def)             Requested size: 440.18959pt x 217.32294pt.
<media/extendedbifurcationdiagram.png, id=291, 499.8675pt x 452.4403pt>
File: media/extendedbifurcationdiagram.png Graphic file (type png)
<use media/extendedbifurcationdiagram.png>
Package pdftex.def Info: media/extendedbifurcationdiagram.png  used on input li
ne 837.
(pdftex.def)             Requested size: 342.37051pt x 309.89903pt.

Underfull \hbox (badness 10000) in paragraph at lines 842--843

 []

[15 <./media/extendedstreamlines.png>]
Underfull \hbox (badness 10000) in paragraph at lines 853--854

 []


Underfull \hbox (badness 10000) in paragraph at lines 855--856

 []

<media/extendedhopf_eigs_real.png, id=310, 520.5849pt x 395.5578pt>
File: media/extendedhopf_eigs_real.png Graphic file (type png)
<use media/extendedhopf_eigs_real.png>
Package pdftex.def Info: media/extendedhopf_eigs_real.png  used on input line 8
62.
(pdftex.def)             Requested size: 239.66309pt x 182.10364pt.
<media/extendedhopf_eigs_imag.png, id=311, 520.5849pt x 395.5578pt>
File: media/extendedhopf_eigs_imag.png Graphic file (type png)
<use media/extendedhopf_eigs_imag.png>
Package pdftex.def Info: media/extendedhopf_eigs_imag.png  used on input line 8
69.
(pdftex.def)             Requested size: 239.66309pt x 182.10364pt.
[16 <./media/extendedbifurcationdiagram.png>]
Underfull \hbox (badness 10000) in paragraph at lines 909--910

 []


Underfull \hbox (badness 10000) in paragraph at lines 911--912

 []


Underfull \hbox (badness 10000) in paragraph at lines 913--914

 []


Underfull \hbox (badness 10000) in paragraph at lines 915--916

 []

<media/lorenz_xz_projection.png, id=329, 513.47835pt x 390.258pt>
File: media/lorenz_xz_projection.png Graphic file (type png)
<use media/lorenz_xz_projection.png>
Package pdftex.def Info: media/lorenz_xz_projection.png  used on input line 921
.
(pdftex.def)             Requested size: 242.10353pt x 184.00485pt.
<media/lorenz_surface_of_revolution.png, id=330, 537.207pt x 518.6577pt>
File: media/lorenz_surface_of_revolution.png Graphic file (type png)
<use media/lorenz_surface_of_revolution.png>
Package pdftex.def Info: media/lorenz_surface_of_revolution.png  used on input 
line 928.
(pdftex.def)             Requested size: 242.10353pt x 233.74202pt.
<media/lorenz_yz_projection.png, id=331, 508.90125pt x 390.258pt>
File: media/lorenz_yz_projection.png Graphic file (type png)
<use media/lorenz_yz_projection.png>
Package pdftex.def Info: media/lorenz_yz_projection.png  used on input line 935
.
(pdftex.def)             Requested size: 242.10353pt x 185.6603pt.
<media/lorenz_y_surface_of_revolution.png, id=332, 537.207pt x 517.4532pt>
File: media/lorenz_y_surface_of_revolution.png Graphic file (type png)
<use media/lorenz_y_surface_of_revolution.png>
Package pdftex.def Info: media/lorenz_y_surface_of_revolution.png  used on inpu
t line 942.
(pdftex.def)             Requested size: 242.10353pt x 233.19919pt.
[17 <./media/extendedhopf_eigs_real.png> <./media/extendedhopf_eigs_imag.png>]
<media/extendedattractor_seed_50.png, id=347, 417.60014pt x 406.1574pt>
File: media/extendedattractor_seed_50.png Graphic file (type png)
<use media/extendedattractor_seed_50.png>
Package pdftex.def Info: media/extendedattractor_seed_50.png  used on input lin
e 957.
(pdftex.def)             Requested size: 242.10353pt x 235.47229pt.
<media/X1_X2_Y1_Y2_vs_time_seed_50.png, id=348, 527.69145pt x 389.0535pt>
File: media/X1_X2_Y1_Y2_vs_time_seed_50.png Graphic file (type png)
<use media/X1_X2_Y1_Y2_vs_time_seed_50.png>
Package pdftex.def Info: media/X1_X2_Y1_Y2_vs_time_seed_50.png  used on input l
ine 964.
(pdftex.def)             Requested size: 242.10353pt x 178.49185pt.
<media/extendedattractor_seed_45.png, id=349, 417.60014pt x 406.1574pt>
File: media/extendedattractor_seed_45.png Graphic file (type png)
<use media/extendedattractor_seed_45.png>
Package pdftex.def Info: media/extendedattractor_seed_45.png  used on input lin
e 971.
(pdftex.def)             Requested size: 242.10353pt x 235.47229pt.
<media/X1_X2_Y1_Y2_vs_time_seed_45.png, id=350, 527.69145pt x 389.0535pt>
File: media/X1_X2_Y1_Y2_vs_time_seed_45.png Graphic file (type png)
<use media/X1_X2_Y1_Y2_vs_time_seed_45.png>
Package pdftex.def Info: media/X1_X2_Y1_Y2_vs_time_seed_45.png  used on input l
ine 978.
(pdftex.def)             Requested size: 242.10353pt x 178.49185pt.

Underfull \hbox (badness 10000) in paragraph at lines 989--990

 []

[18 <./media/lorenz_xz_projection.png> <./media/lorenz_surface_of_revolution.pn
g> <./media/lorenz_yz_projection.png> <./media/lorenz_y_surface_of_revolution.p
ng>] [19 <./media/extendedattractor_seed_50.png> <./media/X1_X2_Y1_Y2_vs_time_s
eed_50.png> <./media/extendedattractor_seed_45.png> <./media/X1_X2_Y1_Y2_vs_tim
e_seed_45.png>]
Underfull \hbox (badness 10000) in paragraph at lines 999--1000

 []


Underfull \hbox (badness 10000) in paragraph at lines 1001--1002

 []


Underfull \hbox (badness 10000) in paragraph at lines 1003--1005

 []


Class scrartcl Warning: Incompatible usage of \@ssect detected.
(scrartcl)              You've used the KOMA-Script implementation of \@ssect
(scrartcl)              from within a non compatible caller, that does not
(scrartcl)              \scr@s@ct@@nn@m@ locally.
(scrartcl)              This could result in several error messages on input li
ne 1008.

LaTeX Font Info:    Trying to load font information for T1+lmtt on input line 1
010.
(/usr/share/texmf/tex/latex/lm/t1lmtt.fd
File: t1lmtt.fd 2015/05/01 v1.6.1 Font defs for Latin Modern
)
Package microtype Info: Loading generic protrusion settings for font family
(microtype)             `lmtt' (encoding: T1).
(microtype)             For optimal results, create family-specific settings.
(microtype)             See the microtype manual for details.
 (./main.bbl

Class scrartcl Warning: Incompatible usage of \@ssect detected.
(scrartcl)              You've used the KOMA-Script implementation of \@ssect
(scrartcl)              from within a non compatible caller, that does not
(scrartcl)              \scr@s@ct@@nn@m@ locally.
(scrartcl)              This could result in several error messages on input li
ne 1.

) [20] (./main.aux)
 ***********
LaTeX2e <2023-11-01> patch level 1
L3 programming layer <2020/03/25>
 ***********


LaTeX Warning: There were multiply-defined labels.

Package rerunfilecheck Info: File `main.out' has not changed.
(rerunfilecheck)             Checksum: D41D8CD98F00B204E9800998ECF8427E;0.
 ) 
Here is how much of TeX's memory you used:
 19005 strings out of 474222
 337460 string characters out of 5748733
 1949975 words of memory out of 5000000
 40609 multiletter control sequences out of 15000+600000
 668854 words of font info for 209 fonts, out of 8000000 for 9000
 1141 hyphenation exceptions out of 8191
 108i,17n,107p,10923b,666s stack positions out of 10000i,1000n,20000p,200000b,200000s
</usr/share/texmf/fonts/type1/public/lm/lmbx10.pfb></usr/share/texmf/fonts/ty
pe1/public/lm/lmbx8.pfb></usr/share/texmf/fonts/type1/public/lm/lmcsc10.pfb></u
sr/share/texmf/fonts/type1/public/lm/lmex10.pfb></usr/share/texmf/fonts/type1/p
ublic/lm/lmmi10.pfb></usr/share/texmf/fonts/type1/public/lm/lmmi6.pfb></usr/sha
re/texmf/fonts/type1/public/lm/lmmi8.pfb></usr/share/texmf/fonts/type1/public/l
m/lmr10.pfb></usr/share/texmf/fonts/type1/public/lm/lmr17.pfb></usr/share/texmf
/fonts/type1/public/lm/lmr6.pfb></usr/share/texmf/fonts/type1/public/lm/lmr8.pf
b></usr/share/texmf/fonts/type1/public/lm/lmri10.pfb></usr/share/texmf/fonts/ty
pe1/public/lm/lmsy10.pfb></usr/share/texmf/fonts/type1/public/lm/lmsy8.pfb></us
r/share/texmf/fonts/type1/public/lm/lmtt10.pfb></usr/share/texlive/texmf-dist/f
onts/type1/public/amsfonts/symbols/msbm10.pfb>
Output written on main.pdf (20 pages, 24231064 bytes).
PDF statistics:
 544 PDF objects out of 1000 (max. 8388607)
 425 compressed objects within 5 object streams
 156 named destinations out of 1000 (max. 500000)
 64794 words of extra memory for PDF output out of 74296 (max. 10000000)

